
[0;34m╔════════════════════════════════════════════════════════╗[0m
[0;34m║[0m Android Smart Repair v1.0
[0;34m╚════════════════════════════════════════════════════════╝[0m

[0;34m[INFO][0m Starting repair process...
[0;34m[INFO][0m Logging to: android_repair_20260528_031437.log

[0;34m╔════════════════════════════════════════════════════════╗[0m
[0;34m║[0m Checking Prerequisites
[0;34m╚════════════════════════════════════════════════════════╝[0m

[0;34m[INFO][0m Checking for ADB...
[0;32m[SUCCESS][0m ADB found: Android Debug Bridge version 1.0.41
[0;34m[INFO][0m Checking for Fastboot...
[0;32m[SUCCESS][0m Fastboot found: fastboot version 34.0.5-debian

[0;34m╔════════════════════════════════════════════════════════╗[0m
[0;34m║[0m Android Smart Repair - Interactive Menu
[0;34m╚════════════════════════════════════════════════════════╝[0m


[0;34m╔════════════════════════════════════════════════════════╗[0m
[0;34m║[0m Checking Device Connection
[0;34m╚════════════════════════════════════════════════════════╝[0m

[0;34m[INFO][0m Starting ADB daemon...
[0;34m[INFO][0m Waiting for device...

[0;32m[SUCCESS][0m Device detected!
[0;34m[INFO][0m Device information:
adb: no devices/emulators found

[0;34m╔════════════════════════════════════════════════════════╗[0m
[0;34m║[0m Device Information
[0;34m╚════════════════════════════════════════════════════════╝[0m

[0;34m[INFO][0m Model: 
[0;34m[INFO][0m Android Version: 
[0;34m[INFO][0m Build: 
[0;34m[INFO][0m Storage:
adb: no devices/emulators found

[0;34m╔════════════════════════════════════════════════════════╗[0m
[0;34m║[0m Repair Complete
[0;34m╚════════════════════════════════════════════════════════╝[0m

[0;32m[SUCCESS][0m All operations completed successfully!
[0;34m[INFO][0m Full log saved to: android_repair_20260528_031437.log
