
[0;34m╔════════════════════════════════════════════════════════╗[0m
[0;34m║[0m Android Smart Repair - Universal v1.1
[0;34m╚════════════════════════════════════════════════════════╝[0m
[0;34m[INFO][0m Starting repair process...
[0;34m[INFO][0m Logging to: android_repair_20260528_032214.log

[0;34m╔════════════════════════════════════════════════════════╗[0m
[0;34m║[0m Checking Prerequisites
[0;34m╚════════════════════════════════════════════════════════╝[0m
[0;34m[INFO][0m Checking for ADB...
[0;32m[SUCCESS][0m ADB found: Android Debug Bridge version 1.0.41
[0;34m[INFO][0m Checking for Fastboot...
[0;32m[SUCCESS][0m Fastboot found: fastboot version 34.0.5-debian

[0;34m╔════════════════════════════════════════════════════════╗[0m
[0;34m║[0m Android Smart Repair - Interactive Menu
[0;34m╚════════════════════════════════════════════════════════╝[0m

[0;34m╔════════════════════════════════════════════════════════╗[0m
[0;34m║[0m Starting Full Repair
[0;34m╚════════════════════════════════════════════════════════╝[0m

[0;34m╔════════════════════════════════════════════════════════╗[0m
[0;34m║[0m Checking Device Connection
[0;34m╚════════════════════════════════════════════════════════╝[0m
[0;34m[INFO][0m Starting ADB daemon...
[0;34m[INFO][0m Waiting for device...

[0;32m[SUCCESS][0m Device detected!

[0;34m╔════════════════════════════════════════════════════════╗[0m
[0;34m║[0m Device Information & Detection
[0;34m╚════════════════════════════════════════════════════════╝[0m
[0;34m[INFO][0m Model: Unknown
[0;34m[INFO][0m Brand: Unknown
[0;34m[INFO][0m Manufacturer: Unknown
[0;34m[INFO][0m Android Version: Unknown
[0;34m[INFO][0m Build: 
[0;34m[INFO][0m Storage:
adb: no devices/emulators found
[0;34m─────────────────────────────────────────────────────[0m
[0;34m[INFO][0m Detecting device type...
[1;33m[WARNING][0m ⚠ Generic Android device detected
[0;34m[INFO][0m Generic repair procedures will be applied
[0;34m─────────────────────────────────────────────────────[0m

[0;34m╔════════════════════════════════════════════════════════╗[0m
[0;34m║[0m Clearing System Caches
[0;34m╚════════════════════════════════════════════════════════╝[0m
[0;36m[STEP][0m Clearing app caches...
[0;36m[STEP][0m Clearing temporary files...
[0;32m[SUCCESS][0m Caches cleared
[0;34m─────────────────────────────────────────────────────[0m

[0;34m╔════════════════════════════════════════════════════════╗[0m
[0;34m║[0m Stopping Problematic Services
[0;34m╚════════════════════════════════════════════════════════╝[0m
[0;36m[STEP][0m Attempting to stop com.android.systemui...
[0;36m[STEP][0m Attempting to stop com.android.launcher3...
[0;36m[STEP][0m Attempting to stop com.android.settings...
[0;32m[SUCCESS][0m Services reset
[0;34m─────────────────────────────────────────────────────[0m

[0;34m╔════════════════════════════════════════════════════════╗[0m
[0;34m║[0m Optimizing Storage
[0;34m╚════════════════════════════════════════════════════════╝[0m
[0;36m[STEP][0m Analyzing storage...
adb: no devices/emulators found
[0;36m[STEP][0m Clearing unnecessary temporary files...
[0;32m[SUCCESS][0m Storage optimized
[0;34m─────────────────────────────────────────────────────[0m
[0;36m[STEP][0m Restarting ADB daemon...
[0;34m[INFO][0m Waiting for device to reconnect...
